2025-06-30 10:45:19,112 - ENTER: sanitize
2025-06-30 10:45:19,115 - EXIT: sanitize
2025-06-30 10:48:54,956 - ENTER: sanitize
2025-06-30 10:48:54,959 - EXIT: sanitize
2025-06-30 10:51:14,804 - ENTER: train_baseline
2025-06-30 10:52:24,052 - ENTER: train_baseline
2025-06-30 10:52:24,281 - EXIT: train_baseline
2025-06-30 10:52:24,282 - ENTER: train_glms
2025-06-30 10:55:11,490 - ENTER: train_baseline
2025-06-30 10:55:11,718 - EXIT: train_baseline
2025-06-30 10:55:11,718 - ENTER: train_glms
2025-06-30 10:55:23,929 - EXIT: train_glms
2025-06-30 10:55:23,929 - ENTER: train_trees
2025-06-30 11:03:09,699 - ENTER: train_baseline
2025-06-30 11:03:09,924 - EXIT: train_baseline
2025-06-30 11:03:09,925 - ENTER: train_glms
2025-06-30 11:03:22,065 - EXIT: train_glms
2025-06-30 11:03:22,065 - ENTER: train_trees
2025-06-30 11:03:25,340 - EXIT: train_trees
2025-06-30 11:03:25,340 - ENTER: tune_parameters
2025-06-30 11:04:52,279 - EXIT: tune_parameters
2025-06-30 11:07:13,982 - ENTER: score_holdout
2025-06-30 11:07:14,053 - ENTER: score_slice
2025-06-30 11:07:14,065 - ENTER: add_holiday_flags
2025-06-30 11:07:14,070 - ENTER: add_lagged_features
2025-06-30 11:07:14,070 - EXIT: add_lagged_features
2025-06-30 11:07:14,071 - ENTER: add_rolling_features
2025-06-30 11:07:14,071 - EXIT: add_rolling_features
2025-06-30 11:07:14,072 - ENTER: categorical_encoder
2025-06-30 11:07:14,073 - EXIT: categorical_encoder
2025-06-30 11:07:14,074 - ENTER: train_baseline
2025-06-30 11:07:14,075 - EXIT: train_baseline
2025-06-30 11:07:14,076 - ENTER: train_trees
2025-06-30 11:07:14,263 - EXIT: train_trees
2025-06-30 11:07:14,267 - ENTER: parse_dates
2025-06-30 11:07:14,268 - EXIT: parse_dates
2025-06-30 11:07:14,268 - ENTER: normalize_numeric
2025-06-30 11:07:14,269 - EXIT: normalize_numeric
2025-06-30 11:07:14,269 - ENTER: handle_outliers
2025-06-30 11:07:14,270 - EXIT: handle_outliers
2025-06-30 11:07:14,273 - ENTER: encode_missing
2025-06-30 11:07:14,274 - EXIT: encode_missing
2025-06-30 11:07:14,275 - ENTER: sanitize
2025-06-30 11:07:14,277 - EXIT: sanitize
2025-06-30 11:14:38,182 - ENTER: score_holdout
2025-06-30 11:14:38,184 - EXIT: score_holdout
2025-06-30 11:14:38,185 - ENTER: score_slice
2025-06-30 11:14:38,189 - EXIT: score_slice
2025-06-30 11:14:38,189 - ENTER: add_holiday_flags
2025-06-30 11:14:38,190 - EXIT: add_holiday_flags
2025-06-30 11:14:38,190 - ENTER: add_holiday_flags
2025-06-30 11:14:38,190 - EXIT: add_holiday_flags
2025-06-30 11:14:38,190 - ENTER: add_lagged_features
2025-06-30 11:14:38,191 - EXIT: add_lagged_features
2025-06-30 11:14:38,191 - ENTER: add_rolling_features
2025-06-30 11:14:38,191 - EXIT: add_rolling_features
2025-06-30 11:14:38,192 - ENTER: categorical_encoder
2025-06-30 11:14:38,193 - EXIT: categorical_encoder
2025-06-30 11:14:38,194 - ENTER: train_baseline
2025-06-30 11:14:38,195 - EXIT: train_baseline
2025-06-30 11:14:38,196 - ENTER: train_trees
2025-06-30 11:14:38,502 - EXIT: train_trees
2025-06-30 11:14:38,507 - ENTER: parse_dates
2025-06-30 11:14:38,508 - EXIT: parse_dates
2025-06-30 11:14:38,510 - ENTER: normalize_numeric
2025-06-30 11:14:38,510 - EXIT: normalize_numeric
2025-06-30 11:14:38,511 - ENTER: handle_outliers
2025-06-30 11:14:38,512 - EXIT: handle_outliers
2025-06-30 11:14:38,513 - ENTER: encode_missing
2025-06-30 11:14:38,514 - EXIT: encode_missing
2025-06-30 11:14:38,515 - ENTER: sanitize
2025-06-30 11:14:38,519 - EXIT: sanitize
2025-06-30 11:16:51,818 - ENTER: score_holdout
2025-06-30 11:16:51,819 - EXIT: score_holdout
2025-06-30 11:16:51,821 - ENTER: score_slice
2025-06-30 11:16:51,825 - EXIT: score_slice
2025-06-30 11:16:51,826 - ENTER: add_holiday_flags
2025-06-30 11:16:51,826 - EXIT: add_holiday_flags
2025-06-30 11:16:51,826 - ENTER: add_holiday_flags
2025-06-30 11:16:51,826 - EXIT: add_holiday_flags
2025-06-30 11:16:51,827 - ENTER: add_lagged_features
2025-06-30 11:16:51,827 - EXIT: add_lagged_features
2025-06-30 11:16:51,828 - ENTER: add_rolling_features
2025-06-30 11:16:51,828 - EXIT: add_rolling_features
2025-06-30 11:16:51,828 - ENTER: categorical_encoder
2025-06-30 11:16:51,830 - EXIT: categorical_encoder
2025-06-30 11:16:51,831 - ENTER: train_baseline
2025-06-30 11:16:51,832 - EXIT: train_baseline
2025-06-30 11:16:51,833 - ENTER: train_trees
2025-06-30 11:16:54,375 - EXIT: train_trees
2025-06-30 11:16:54,376 - ENTER: parse_dates
2025-06-30 11:16:54,377 - EXIT: parse_dates
2025-06-30 11:16:54,377 - ENTER: normalize_numeric
2025-06-30 11:16:54,378 - EXIT: normalize_numeric
2025-06-30 11:16:54,378 - ENTER: handle_outliers
2025-06-30 11:16:54,379 - EXIT: handle_outliers
2025-06-30 11:16:54,380 - ENTER: encode_missing
2025-06-30 11:16:54,380 - EXIT: encode_missing
2025-06-30 11:16:54,381 - ENTER: sanitize
2025-06-30 11:16:54,384 - EXIT: sanitize
2025-06-30 11:33:06,505 - ENTER: sanitize
2025-06-30 11:33:06,827 - EXIT: sanitize
2025-06-30 11:33:58,412 - ENTER: sanitize
2025-06-30 11:33:58,696 - EXIT: sanitize
2025-06-30 11:35:03,973 - ENTER: sanitize
2025-06-30 11:35:04,269 - EXIT: sanitize
2025-06-30 11:35:05,211 - ENTER: add_holiday_flags
2025-06-30 11:35:05,211 - EXIT: add_holiday_flags
2025-06-30 11:35:05,211 - ENTER: add_lagged_features
2025-06-30 11:35:05,220 - EXIT: add_lagged_features
2025-06-30 11:35:05,220 - ENTER: add_rolling_features
2025-06-30 11:35:05,261 - EXIT: add_rolling_features
2025-06-30 11:35:08,379 - ENTER: train_baseline
2025-06-30 11:35:08,651 - EXIT: train_baseline
2025-06-30 11:35:08,653 - ENTER: train_glms
2025-06-30 11:35:23,396 - EXIT: train_glms
2025-06-30 11:35:23,396 - ENTER: train_trees
2025-06-30 11:35:28,625 - EXIT: train_trees
2025-06-30 11:35:28,625 - ENTER: tune_parameters
2025-06-30 11:37:16,369 - EXIT: tune_parameters
2025-06-30 11:37:17,481 - ENTER: score_holdout
2025-06-30 11:39:39,518 - ENTER: sanitize
2025-06-30 11:39:39,795 - EXIT: sanitize
2025-06-30 11:39:40,716 - ENTER: add_holiday_flags
2025-06-30 11:39:40,716 - EXIT: add_holiday_flags
2025-06-30 11:39:40,716 - ENTER: add_lagged_features
2025-06-30 11:39:40,725 - EXIT: add_lagged_features
2025-06-30 11:39:40,725 - ENTER: add_rolling_features
2025-06-30 11:39:40,766 - EXIT: add_rolling_features
2025-06-30 11:39:43,649 - ENTER: train_baseline
2025-06-30 11:39:43,817 - EXIT: train_baseline
2025-06-30 11:39:43,817 - ENTER: train_glms
2025-06-30 11:39:57,395 - EXIT: train_glms
2025-06-30 11:39:57,395 - ENTER: train_trees
2025-06-30 11:40:02,426 - EXIT: train_trees
2025-06-30 11:40:02,426 - ENTER: tune_parameters
2025-06-30 11:42:24,909 - EXIT: tune_parameters
2025-06-30 11:42:25,986 - ENTER: score_holdout
2025-06-30 11:46:45,205 - ENTER: sanitize
2025-06-30 11:46:45,498 - EXIT: sanitize
2025-06-30 11:46:46,463 - ENTER: add_holiday_flags
2025-06-30 11:46:46,463 - EXIT: add_holiday_flags
2025-06-30 11:46:46,463 - ENTER: add_lagged_features
2025-06-30 11:46:46,472 - EXIT: add_lagged_features
2025-06-30 11:46:46,472 - ENTER: add_rolling_features
2025-06-30 11:46:46,514 - EXIT: add_rolling_features
2025-06-30 11:46:49,699 - ENTER: train_baseline
2025-06-30 11:46:49,916 - EXIT: train_baseline
2025-06-30 11:46:49,918 - ENTER: train_glms
2025-06-30 11:47:03,663 - EXIT: train_glms
2025-06-30 11:47:03,663 - ENTER: train_trees
2025-06-30 11:47:09,367 - EXIT: train_trees
2025-06-30 11:47:09,367 - ENTER: tune_parameters
2025-06-30 11:49:34,133 - EXIT: tune_parameters
2025-06-30 11:49:35,215 - ENTER: score_holdout
2025-06-30 11:49:35,247 - EXIT: score_holdout
2025-06-30 11:49:35,247 - ENTER: score_slice
2025-06-30 11:50:46,858 - ENTER: add_holiday_flags
2025-06-30 11:50:46,858 - EXIT: add_holiday_flags
2025-06-30 11:50:46,859 - ENTER: add_lagged_features
2025-06-30 11:50:46,866 - EXIT: add_lagged_features
2025-06-30 11:50:46,866 - ENTER: add_rolling_features
2025-06-30 11:50:46,906 - EXIT: add_rolling_features
2025-06-30 11:53:26,532 - ENTER: add_holiday_flags
2025-06-30 11:59:27,775 - ENTER: add_holiday_flags
2025-06-30 12:09:08,960 - ENTER: add_holiday_flags
2025-06-30 12:09:09,025 - EXIT: add_holiday_flags
2025-06-30 12:09:09,025 - ENTER: add_lagged_features
2025-06-30 12:09:09,032 - EXIT: add_lagged_features
2025-06-30 12:09:09,032 - ENTER: add_rolling_features
2025-06-30 12:09:09,073 - EXIT: add_rolling_features
2025-06-30 12:16:21,060 - ENTER: train_baseline
2025-06-30 12:16:21,232 - EXIT: train_baseline
2025-06-30 12:16:21,232 - ENTER: train_glms
2025-06-30 12:16:28,741 - EXIT: train_glms
2025-06-30 12:16:28,741 - ENTER: train_trees
2025-06-30 12:17:56,891 - EXIT: train_trees
2025-06-30 12:17:56,891 - ENTER: tune_parameters
2025-06-30 12:20:13,981 - EXIT: tune_parameters
2025-06-30 12:21:19,893 - ENTER: score_holdout
2025-06-30 12:21:19,926 - EXIT: score_holdout
2025-06-30 12:21:19,926 - ENTER: score_slice
2025-06-30 12:21:20,226 - EXIT: score_slice
2025-06-30 12:21:20,227 - ENTER: rolling_test
2025-06-30 12:23:34,585 - ENTER: score_holdout
2025-06-30 12:23:34,617 - EXIT: score_holdout
2025-06-30 12:23:34,617 - ENTER: score_slice
2025-06-30 12:23:34,888 - EXIT: score_slice
2025-06-30 12:23:34,888 - ENTER: rolling_test
2025-06-30 12:30:29,014 - EXIT: rolling_test
2025-06-30 12:30:29,014 - ENTER: psi
2025-06-30 12:30:29,259 - EXIT: psi
2025-06-30 12:30:29,259 - ENTER: report
2025-06-30 12:30:29,259 - ENTER: score_holdout
2025-06-30 12:30:29,296 - EXIT: score_holdout
2025-06-30 12:30:29,296 - ENTER: psi
2025-06-30 12:30:29,547 - EXIT: psi
2025-06-30 13:00:21,650 - ENTER: score_holdout
2025-06-30 13:00:21,684 - EXIT: score_holdout
2025-06-30 13:00:21,684 - ENTER: score_slice
2025-06-30 13:00:21,960 - EXIT: score_slice
2025-06-30 13:00:21,961 - ENTER: rolling_test
2025-06-30 13:03:00,569 - ENTER: add_holiday_flags
2025-06-30 13:03:00,640 - EXIT: add_holiday_flags
2025-06-30 13:03:00,640 - ENTER: add_lagged_features
2025-06-30 13:03:00,648 - EXIT: add_lagged_features
2025-06-30 13:03:00,648 - ENTER: add_rolling_features
2025-06-30 13:03:00,690 - EXIT: add_rolling_features
2025-06-30 13:03:00,690 - ENTER: categorical_encoder
2025-06-30 13:03:01,006 - EXIT: categorical_encoder
2025-06-30 13:05:08,771 - ENTER: score_holdout
2025-06-30 13:05:08,809 - EXIT: score_holdout
2025-06-30 13:05:08,809 - ENTER: score_slice
2025-06-30 13:05:09,065 - EXIT: score_slice
2025-06-30 13:05:09,065 - ENTER: rolling_test
2025-06-30 13:11:56,654 - EXIT: rolling_test
2025-06-30 13:11:56,654 - ENTER: psi
2025-06-30 13:11:56,896 - EXIT: psi
2025-06-30 13:11:56,896 - ENTER: report
2025-06-30 13:11:56,896 - ENTER: score_holdout
2025-06-30 13:13:11,431 - ENTER: train_baseline
2025-06-30 13:13:11,591 - EXIT: train_baseline
2025-06-30 13:13:11,591 - ENTER: train_glms
2025-06-30 13:13:14,127 - EXIT: train_glms
2025-06-30 13:13:14,127 - ENTER: train_trees
2025-06-30 13:13:20,433 - EXIT: train_trees
2025-06-30 13:13:20,433 - ENTER: tune_parameters
2025-06-30 13:16:00,484 - EXIT: tune_parameters
2025-06-30 13:18:12,932 - ENTER: score_holdout
2025-06-30 13:18:12,960 - EXIT: score_holdout
2025-06-30 13:18:12,960 - ENTER: score_slice
2025-06-30 13:18:13,223 - EXIT: score_slice
2025-06-30 13:18:13,223 - ENTER: rolling_test
2025-06-30 13:21:35,597 - ENTER: score_holdout
2025-06-30 13:21:35,635 - EXIT: score_holdout
2025-06-30 13:21:35,635 - ENTER: score_slice
2025-06-30 13:21:35,896 - EXIT: score_slice
2025-06-30 13:21:35,896 - ENTER: rolling_test
2025-06-30 13:22:33,205 - ENTER: score_holdout
2025-06-30 13:22:33,231 - EXIT: score_holdout
2025-06-30 13:22:33,231 - ENTER: score_slice
2025-06-30 13:22:33,493 - EXIT: score_slice
2025-06-30 13:22:33,493 - ENTER: rolling_test
2025-06-30 13:29:14,040 - EXIT: rolling_test
2025-06-30 13:29:14,040 - ENTER: psi
2025-06-30 13:29:14,272 - EXIT: psi
2025-06-30 13:29:14,272 - ENTER: report
2025-06-30 13:29:14,272 - ENTER: score_holdout
2025-06-30 13:29:14,300 - EXIT: score_holdout
2025-06-30 13:29:14,300 - ENTER: psi
2025-06-30 13:29:14,542 - EXIT: psi
2025-06-30 13:29:15,683 - EXIT: report
2025-06-30 13:58:19,373 - ENTER: score_holdout
2025-06-30 13:58:19,400 - EXIT: score_holdout
2025-06-30 13:58:19,400 - ENTER: score_slice
2025-06-30 13:58:19,663 - EXIT: score_slice
2025-06-30 13:58:19,663 - ENTER: rolling_test
2025-06-30 14:05:19,470 - EXIT: rolling_test
2025-06-30 14:05:20,535 - ENTER: report
2025-06-30 14:05:20,535 - ENTER: score_holdout
2025-06-30 14:05:20,571 - EXIT: score_holdout
2025-06-30 14:05:20,571 - ENTER: psi
2025-06-30 14:05:21,142 - EXIT: psi
2025-06-30 14:05:22,255 - EXIT: report
2025-06-30 14:11:38,306 - ENTER: score_holdout
2025-06-30 14:11:38,332 - EXIT: score_holdout
2025-06-30 14:11:38,332 - ENTER: score_slice
2025-06-30 14:11:38,592 - EXIT: score_slice
2025-06-30 14:11:38,592 - ENTER: rolling_test
2025-06-30 14:13:00,220 - ENTER: score_holdout
2025-06-30 14:13:00,247 - EXIT: score_holdout
2025-06-30 14:13:00,247 - ENTER: score_slice
2025-06-30 14:13:00,510 - EXIT: score_slice
2025-06-30 14:13:00,510 - ENTER: rolling_test
2025-06-30 14:20:10,565 - EXIT: rolling_test
2025-06-30 14:20:11,230 - ENTER: report
2025-06-30 14:20:11,231 - ENTER: score_holdout
2025-06-30 14:20:11,257 - EXIT: score_holdout
2025-06-30 14:20:11,257 - ENTER: psi
2025-06-30 14:20:11,494 - EXIT: psi
2025-06-30 14:20:12,573 - EXIT: report
2025-07-01 09:17:00,173 - ENTER: add_holiday_flags
2025-07-01 09:17:00,249 - EXIT: add_holiday_flags
2025-07-01 09:17:00,249 - ENTER: add_lagged_features
2025-07-01 09:17:00,257 - EXIT: add_lagged_features
2025-07-01 09:17:00,257 - ENTER: add_rolling_features
2025-07-01 09:17:00,297 - EXIT: add_rolling_features
2025-07-01 09:25:16,043 - ENTER: add_holiday_flags
2025-07-01 09:25:16,084 - EXIT: add_holiday_flags
2025-07-01 09:25:16,084 - ENTER: add_lagged_features
2025-07-01 09:25:16,087 - EXIT: add_lagged_features
2025-07-01 09:25:16,087 - ENTER: add_rolling_features
2025-07-01 09:25:16,103 - EXIT: add_rolling_features
2025-07-01 09:28:57,756 - ENTER: sanitize
2025-07-01 09:28:58,031 - EXIT: sanitize
2025-07-01 09:29:08,011 - ENTER: add_holiday_flags
2025-07-01 09:29:08,078 - EXIT: add_holiday_flags
2025-07-01 09:29:08,078 - ENTER: add_lagged_features
2025-07-01 09:29:08,087 - EXIT: add_lagged_features
2025-07-01 09:29:08,087 - ENTER: add_rolling_features
2025-07-01 09:29:08,131 - EXIT: add_rolling_features
2025-07-01 09:51:47,148 - ENTER: sanitize
2025-07-01 09:51:47,484 - EXIT: sanitize
2025-07-01 09:51:48,491 - ENTER: add_holiday_flags
2025-07-01 09:51:48,557 - EXIT: add_holiday_flags
2025-07-01 09:51:48,557 - ENTER: add_lagged_features
2025-07-01 09:51:48,567 - EXIT: add_lagged_features
2025-07-01 09:51:48,567 - ENTER: add_rolling_features
2025-07-01 09:51:48,621 - EXIT: add_rolling_features
2025-07-01 09:52:41,270 - ENTER: train_baseline
2025-07-01 09:52:41,364 - EXIT: train_baseline
2025-07-01 09:52:41,365 - ENTER: train_glms
2025-07-01 09:52:46,883 - EXIT: train_glms
2025-07-01 09:52:46,883 - ENTER: train_trees
2025-07-01 09:52:49,954 - EXIT: train_trees
2025-07-01 09:52:49,954 - ENTER: tune_parameters
2025-07-01 09:54:24,706 - EXIT: tune_parameters
2025-07-01 09:54:25,545 - ENTER: score_holdout
2025-07-01 09:54:25,563 - EXIT: score_holdout
2025-07-01 09:54:25,563 - ENTER: score_slice
2025-07-01 09:54:25,673 - EXIT: score_slice
2025-07-01 09:54:25,673 - ENTER: rolling_test
2025-07-01 10:44:27,608 - ENTER: score_holdout
2025-07-01 10:44:27,645 - EXIT: score_holdout
2025-07-01 10:44:27,645 - ENTER: score_slice
2025-07-01 10:44:27,847 - EXIT: score_slice
2025-07-01 10:44:27,847 - ENTER: rolling_test
2025-07-01 10:45:16,360 - ENTER: score_holdout
2025-07-01 10:45:16,379 - EXIT: score_holdout
2025-07-01 10:45:16,379 - ENTER: score_slice
2025-07-01 10:45:16,526 - EXIT: score_slice
2025-07-01 10:45:16,526 - ENTER: rolling_test
2025-07-01 10:45:23,638 - ENTER: score_holdout
2025-07-01 10:45:23,667 - EXIT: score_holdout
2025-07-01 10:45:23,667 - ENTER: score_slice
2025-07-01 10:45:23,781 - EXIT: score_slice
2025-07-01 10:45:23,781 - ENTER: rolling_test
2025-07-01 10:46:06,159 - ENTER: score_holdout
2025-07-01 10:46:06,189 - EXIT: score_holdout
2025-07-01 10:46:06,189 - ENTER: score_slice
2025-07-01 10:46:06,298 - EXIT: score_slice
2025-07-01 10:46:06,298 - ENTER: rolling_test
2025-07-01 10:46:11,402 - ENTER: score_holdout
2025-07-01 10:46:11,419 - EXIT: score_holdout
2025-07-01 10:46:11,419 - ENTER: score_slice
2025-07-01 10:46:11,528 - EXIT: score_slice
2025-07-01 10:46:11,528 - ENTER: rolling_test
2025-07-01 10:46:16,902 - ENTER: score_holdout
2025-07-01 10:46:16,919 - EXIT: score_holdout
2025-07-01 10:46:16,919 - ENTER: score_slice
2025-07-01 10:46:17,033 - EXIT: score_slice
2025-07-01 10:46:17,033 - ENTER: rolling_test
2025-07-01 10:50:38,505 - ENTER: score_holdout
2025-07-01 10:50:38,557 - EXIT: score_holdout
2025-07-01 10:50:38,557 - ENTER: score_slice
2025-07-01 10:50:38,712 - EXIT: score_slice
2025-07-01 10:50:38,712 - ENTER: rolling_test
2025-07-01 10:50:48,194 - ENTER: score_holdout
2025-07-01 10:50:48,217 - EXIT: score_holdout
2025-07-01 10:50:48,217 - ENTER: score_slice
2025-07-01 10:50:48,390 - EXIT: score_slice
2025-07-01 10:50:48,390 - ENTER: rolling_test
2025-07-01 10:51:17,393 - ENTER: score_holdout
2025-07-01 10:51:17,411 - EXIT: score_holdout
2025-07-01 10:51:17,411 - ENTER: score_slice
2025-07-01 10:51:17,537 - EXIT: score_slice
2025-07-01 10:51:17,537 - ENTER: rolling_test
2025-07-01 10:56:39,515 - ENTER: score_holdout
2025-07-01 10:56:39,532 - EXIT: score_holdout
2025-07-01 10:56:39,532 - ENTER: score_slice
2025-07-01 10:56:39,644 - EXIT: score_slice
2025-07-01 10:56:39,644 - ENTER: rolling_test
2025-07-01 10:57:26,957 - ENTER: score_holdout
2025-07-01 10:57:26,975 - EXIT: score_holdout
2025-07-01 10:57:26,975 - ENTER: score_slice
2025-07-01 10:57:27,083 - EXIT: score_slice
2025-07-01 10:57:27,083 - ENTER: rolling_test
2025-07-01 11:03:03,595 - ENTER: score_holdout
2025-07-01 11:03:03,628 - EXIT: score_holdout
2025-07-01 11:03:03,628 - ENTER: score_slice
2025-07-01 11:03:03,743 - EXIT: score_slice
2025-07-01 11:03:03,743 - ENTER: rolling_test
2025-07-01 11:03:43,373 - ENTER: sanitize
2025-07-01 11:03:43,649 - EXIT: sanitize
2025-07-01 11:03:44,584 - ENTER: add_holiday_flags
2025-07-01 11:03:44,651 - EXIT: add_holiday_flags
2025-07-01 11:03:44,651 - ENTER: add_lagged_features
2025-07-01 11:03:44,662 - EXIT: add_lagged_features
2025-07-01 11:03:44,662 - ENTER: add_rolling_features
2025-07-01 11:03:44,705 - EXIT: add_rolling_features
2025-07-01 11:04:37,687 - ENTER: train_baseline
2025-07-01 11:04:37,772 - EXIT: train_baseline
2025-07-01 11:04:37,772 - ENTER: train_glms
2025-07-01 11:04:43,528 - EXIT: train_glms
2025-07-01 11:04:43,528 - ENTER: train_trees
2025-07-01 11:05:06,147 - EXIT: train_trees
2025-07-01 11:05:06,147 - ENTER: tune_parameters
2025-07-01 11:06:12,804 - EXIT: tune_parameters
2025-07-01 11:06:13,659 - ENTER: score_holdout
2025-07-01 11:06:13,676 - EXIT: score_holdout
2025-07-01 11:06:13,676 - ENTER: score_slice
2025-07-01 11:06:13,787 - EXIT: score_slice
2025-07-01 11:06:13,787 - ENTER: rolling_test
2025-07-01 11:09:48,317 - EXIT: rolling_test
2025-07-01 11:49:52,740 - ENTER: sanitize
2025-07-01 11:49:53,027 - EXIT: sanitize
2025-07-01 11:49:53,959 - ENTER: add_holiday_flags
2025-07-01 11:49:54,025 - EXIT: add_holiday_flags
2025-07-01 11:49:54,025 - ENTER: add_lagged_features
2025-07-01 11:49:54,034 - EXIT: add_lagged_features
2025-07-01 11:49:54,034 - ENTER: add_rolling_features
2025-07-01 11:49:54,076 - EXIT: add_rolling_features
2025-07-01 11:50:46,490 - ENTER: train_baseline
2025-07-01 11:50:46,577 - EXIT: train_baseline
2025-07-01 11:50:46,577 - ENTER: train_glms
2025-07-01 11:50:51,126 - EXIT: train_glms
2025-07-01 11:50:51,126 - ENTER: train_trees
2025-07-01 11:50:54,875 - EXIT: train_trees
2025-07-01 11:50:54,875 - ENTER: tune_parameters
2025-07-01 11:52:21,878 - EXIT: tune_parameters
2025-07-01 11:52:22,836 - ENTER: score_holdout
2025-07-01 11:52:22,855 - EXIT: score_holdout
2025-07-01 11:52:22,855 - ENTER: score_slice
2025-07-01 11:52:22,975 - EXIT: score_slice
2025-07-01 11:52:22,975 - ENTER: rolling_test
2025-07-01 11:55:13,354 - EXIT: rolling_test
2025-07-01 11:55:13,880 - ENTER: report
2025-07-01 11:55:13,880 - ENTER: score_holdout
2025-07-01 11:55:13,894 - EXIT: score_holdout
2025-07-01 11:55:13,894 - ENTER: psi
2025-07-01 11:55:14,051 - EXIT: psi
2025-07-01 12:05:19,002 - ENTER: sanitize
2025-07-01 12:05:19,286 - EXIT: sanitize
2025-07-01 12:05:20,252 - ENTER: add_holiday_flags
2025-07-01 12:05:20,318 - EXIT: add_holiday_flags
2025-07-01 12:05:20,318 - ENTER: add_lagged_features
2025-07-01 12:05:20,329 - EXIT: add_lagged_features
2025-07-01 12:05:20,329 - ENTER: add_rolling_features
2025-07-01 12:05:20,373 - EXIT: add_rolling_features
2025-07-01 12:06:14,369 - ENTER: train_baseline
2025-07-01 12:06:14,462 - EXIT: train_baseline
2025-07-01 12:06:14,462 - ENTER: train_glms
2025-07-01 12:06:19,415 - EXIT: train_glms
2025-07-01 12:06:19,415 - ENTER: train_trees
2025-07-01 12:06:23,800 - EXIT: train_trees
2025-07-01 12:06:23,800 - ENTER: tune_parameters
2025-07-01 12:08:00,725 - EXIT: tune_parameters
2025-07-01 12:08:01,745 - ENTER: score_holdout
2025-07-01 12:08:01,776 - EXIT: score_holdout
2025-07-01 12:08:01,776 - ENTER: score_slice
2025-07-01 12:08:01,898 - EXIT: score_slice
2025-07-01 12:08:01,898 - ENTER: rolling_test
2025-07-01 12:10:46,317 - EXIT: rolling_test
2025-07-01 12:10:46,847 - ENTER: report
2025-07-01 12:10:46,847 - ENTER: score_holdout
2025-07-01 12:10:46,859 - EXIT: score_holdout
2025-07-01 12:10:46,859 - ENTER: psi
2025-07-01 12:10:47,024 - EXIT: psi
2025-07-01 12:10:49,135 - EXIT: report
2025-07-01 12:40:21,159 - ENTER: sanitize
2025-07-01 12:40:21,434 - EXIT: sanitize
2025-07-01 12:40:22,364 - ENTER: add_holiday_flags
2025-07-01 12:40:22,430 - EXIT: add_holiday_flags
2025-07-01 12:40:22,430 - ENTER: add_lagged_features
2025-07-01 12:40:22,440 - EXIT: add_lagged_features
2025-07-01 12:40:22,440 - ENTER: add_rolling_features
2025-07-01 12:40:22,484 - EXIT: add_rolling_features
2025-07-01 12:41:15,327 - ENTER: train_baseline
2025-07-01 12:41:15,416 - EXIT: train_baseline
2025-07-01 12:41:15,417 - ENTER: train_glms
2025-07-01 12:41:20,101 - EXIT: train_glms
2025-07-01 12:41:20,101 - ENTER: train_trees
2025-07-01 12:41:23,167 - EXIT: train_trees
2025-07-01 12:41:23,167 - ENTER: tune_parameters
2025-07-01 12:43:04,656 - EXIT: tune_parameters
2025-07-01 12:43:05,644 - ENTER: score_holdout
2025-07-01 12:43:05,677 - EXIT: score_holdout
2025-07-01 12:43:05,677 - ENTER: score_slice
2025-07-01 12:43:05,795 - EXIT: score_slice
2025-07-01 12:43:05,795 - ENTER: rolling_test
2025-07-01 12:46:05,564 - EXIT: rolling_test
2025-07-01 12:46:06,074 - ENTER: report
2025-07-01 12:46:06,074 - ENTER: score_holdout
2025-07-01 12:46:06,086 - EXIT: score_holdout
2025-07-01 12:46:06,086 - ENTER: psi
2025-07-01 12:46:06,233 - EXIT: psi
2025-07-01 12:46:08,266 - EXIT: report
2025-07-01 13:12:21,524 - ENTER: sanitize
2025-07-01 13:12:21,799 - EXIT: sanitize
2025-07-01 13:12:22,725 - ENTER: add_holiday_flags
2025-07-01 13:12:22,803 - EXIT: add_holiday_flags
2025-07-01 13:12:22,803 - ENTER: add_lagged_features
2025-07-01 13:12:22,812 - EXIT: add_lagged_features
2025-07-01 13:12:22,812 - ENTER: add_rolling_features
2025-07-01 13:12:22,854 - EXIT: add_rolling_features
2025-07-01 13:13:15,593 - ENTER: train_baseline
2025-07-01 13:13:15,678 - EXIT: train_baseline
2025-07-01 13:13:15,678 - ENTER: train_glms
2025-07-01 13:13:20,329 - EXIT: train_glms
2025-07-01 13:13:20,329 - ENTER: train_trees
2025-07-01 13:13:23,433 - EXIT: train_trees
2025-07-01 13:13:23,433 - ENTER: tune_parameters
2025-07-01 13:14:44,517 - EXIT: tune_parameters
2025-07-01 13:14:45,443 - ENTER: score_holdout
2025-07-01 13:14:45,460 - EXIT: score_holdout
2025-07-01 13:14:45,460 - ENTER: score_slice
2025-07-01 13:14:45,567 - EXIT: score_slice
2025-07-01 13:14:45,567 - ENTER: rolling_test
2025-07-01 13:17:40,823 - EXIT: rolling_test
2025-07-01 13:17:41,356 - ENTER: report
2025-07-01 13:17:41,356 - ENTER: score_holdout
2025-07-01 13:17:41,368 - EXIT: score_holdout
2025-07-01 13:17:41,368 - ENTER: psi
2025-07-01 13:17:41,520 - EXIT: psi
2025-07-01 13:17:43,620 - EXIT: report
